{"C:\\Users\\durgamp\\Project-CITI\\Customer-Session-Portal\\src\\app\\app.component.html": {"path":"C:\\Users\\durgamp\\Project-CITI\\Customer-Session-Portal\\src\\app\\app.component.html","statementMap":{"0":{"start":{"line":1,"column":0},"end":{"line":1,"column":24219}}},"fnMap":{},"branchMap":{},"s":{"0":1},"f":{},"b":{},"_coverageSchema":"1a1c01bbd47fc00a2c39e90264f33305004495a9","hash":"23557f34266ff9347a37f5bde50dca3e818ce0dd"}
,"C:\\Users\\durgamp\\Project-CITI\\Customer-Session-Portal\\src\\app\\app.component.ts": {"path":"C:\\Users\\durgamp\\Project-CITI\\Customer-Session-Portal\\src\\app\\app.component.ts","statementMap":{"0":{"start":{"line":1,"column":0},"end":{"line":1,"column":42}},"1":{"start":{"line":8,"column":25},"end":{"line":10,"column":null}},"2":{"start":{"line":9,"column":2},"end":{"line":9,"column":36}},"3":{"start":{"line":8,"column":13},"end":{"line":10,"column":null}}},"fnMap":{"0":{"name":"(anonymous_0)","decl":{"start":{"line":8,"column":7},"end":{"line":8,"column":13}},"loc":{"start":{"line":8,"column":7},"end":{"line":10,"column":1}}}},"branchMap":{},"s":{"0":1,"1":1,"2":3,"3":1},"f":{"0":3},"b":{}}
}
